<?xml version="1.0" encoding="UTF-8"?>
<!-- Generated by org.testng.reporters.JUnitReportReporter -->
<testsuite skipped="1" hostname="KerdasyPC" name="AutomationTest.WorkingElements.TextBoxesAndButton" tests="1" failures="0" timestamp="2019-11-12T11:33:55 EET" time="0.000" errors="0">
  <testcase name="WorkingTextAndButtonsElement" time="0.000" classname="AutomationTest.WorkingElements.TextBoxesAndButton">
    <skipped/>
  </testcase> <!-- WorkingTextAndButtonsElement -->
</testsuite> <!-- AutomationTest.WorkingElements.TextBoxesAndButton -->
