<?xml version="1.0" encoding="UTF-8"?>
<!-- Generated by org.testng.reporters.JUnitReportReporter -->
<testsuite skipped="1" hostname="KerdasyPC" name="AutomationTest.WorkingElements.WorkingWithHTML5video" tests="1" failures="0" timestamp="2019-11-12T11:33:55 EET" time="0.000" errors="0">
  <testcase name="TestHTML5Video" time="0.000" classname="AutomationTest.WorkingElements.WorkingWithHTML5video">
    <skipped/>
  </testcase> <!-- TestHTML5Video -->
</testsuite> <!-- AutomationTest.WorkingElements.WorkingWithHTML5video -->
