<?xml version="1.0" encoding="UTF-8"?>
<!-- Generated by org.testng.reporters.JUnitReportReporter -->
<testsuite skipped="1" hostname="KerdasyPC" name="AutomationTest.WorkingElements.WorkingWithDoupleClicking" tests="1" failures="0" timestamp="2019-11-12T11:33:55 EET" time="0.000" errors="0">
  <testcase name="DoupleClickingTest" time="0.000" classname="AutomationTest.WorkingElements.WorkingWithDoupleClicking">
    <skipped/>
  </testcase> <!-- DoupleClickingTest -->
</testsuite> <!-- AutomationTest.WorkingElements.WorkingWithDoupleClicking -->
