<?xml version="1.0" encoding="UTF-8"?>
<!-- Generated by org.testng.reporters.JUnitReportReporter -->
<testsuite skipped="0" hostname="MazeedL0012" name="AutomationTest.WorkingElements.TakeScreenshot" tests="1" failures="0" timestamp="26 Aug 2019 15:20:50 GMT" time="4.791" errors="0">
  <testcase name="ScreenShotTest" time="4.791" classname="AutomationTest.WorkingElements.TakeScreenshot"/>
</testsuite> <!-- AutomationTest.WorkingElements.TakeScreenshot -->
